# JRE version: OpenJDK Runtime Environment Temurin-17.0.3+7 (17.0.3+7) (build 17.0.3+7)
# Java VM: OpenJDK 64-Bit Server VM Temurin-17.0.3+7 (17.0.3+7, mixed mode, sharing, tiered, compressed oops, compressed class ptrs, g1 gc, windows-amd64)
GC Precious Log:
 CPUs: 12 total, 12 available
 Memory: 14188M
 Large Page Support: Disabled
 NUMA Support: Disabled
 Compressed Oops: Enabled (Zero based)
 Heap Region Size: 2M
 Heap Min Capacity: 512M
 Heap Initial Capacity: 512M
 Heap Max Capacity: 4072M
 Pre-touch: Disabled
 Parallel Workers: 10
 Concurrent Workers: 3
 Concurrent Refinement Workers: 10
 Periodic GC: Disabled
 String Deduplication is enabled
Heap:
 garbage-first heap   total 524288K, used 92273K [0x0000000701800000, 0x0000000800000000)
  region size 2048K, 6 young (12288K), 1 survivors (2048K)
 Metaspace       used 86755K, committed 87424K, reserved 1130496K
  class space    used 11664K, committed 12032K, reserved 1048576K
GC Heap History (20 events):
Event: 1877.702 GC heap before
{Heap before GC invocations=171 (full 38):
 garbage-first heap   total 524288K, used 89642K [0x0000000701800000, 0x0000000800000000)
  region size 2048K, 2 young (4096K), 0 survivors (0K)
 Metaspace       used 85418K, committed 86016K, reserved 1130496K
  class space    used 11567K, committed 11840K, reserved 1048576K
}
Event: 1877.745 GC heap after
{Heap after GC invocations=172 (full 39):
 garbage-first heap   total 524288K, used 83516K [0x0000000701800000, 0x0000000800000000)
  region size 2048K, 0 young (0K), 0 survivors (0K)
 Metaspace       used 85418K, committed 86016K, reserved 1130496K
  class space    used 11567K, committed 11840K, reserved 1048576K
}
Event: 1878.112 GC heap before
{Heap before GC invocations=172 (full 39):
 garbage-first heap   total 524288K, used 93756K [0x0000000701800000, 0x0000000800000000)
  region size 2048K, 2 young (4096K), 0 survivors (0K)
 Metaspace       used 85420K, committed 86016K, reserved 1130496K
  class space    used 11567K, committed 11840K, reserved 1048576K
}
Event: 1878.152 GC heap after
{Heap after GC invocations=173 (full 40):
 garbage-first heap   total 524288K, used 83538K [0x0000000701800000, 0x0000000800000000)
  region size 2048K, 0 young (0K), 0 survivors (0K)
 Metaspace       used 85420K, committed 86016K, reserved 1130496K
  class space    used 11567K, committed 11840K, reserved 1048576K
}
Event: 1898.854 GC heap before
{Heap before GC invocations=173 (full 40):
 garbage-first heap   total 524288K, used 165458K [0x0000000701800000, 0x0000000800000000)
  region size 2048K, 40 young (81920K), 0 survivors (0K)
 Metaspace       used 85624K, committed 86272K, reserved 1130496K
  class space    used 11599K, committed 11904K, reserved 1048576K
}
Event: 1898.857 GC heap after
{Heap after GC invocations=174 (full 40):
 garbage-first heap   total 1572864K, used 83820K [0x0000000701800000, 0x0000000800000000)
  region size 2048K, 1 young (2048K), 1 survivors (2048K)
 Metaspace       used 85624K, committed 86272K, reserved 1130496K
  class space    used 11599K, committed 11904K, reserved 1048576K
}
Event: 1899.827 GC heap before
{Heap before GC invocations=174 (full 40):
 garbage-first heap   total 1572864K, used 102252K [0x0000000701800000, 0x0000000800000000)
  region size 2048K, 11 young (22528K), 1 survivors (2048K)
 Metaspace       used 85687K, committed 86272K, reserved 1130496K
  class space    used 11606K, committed 11904K, reserved 1048576K
}
Event: 1899.872 GC heap after
{Heap after GC invocations=175 (full 41):
 garbage-first heap   total 524288K, used 83634K [0x0000000701800000, 0x0000000800000000)
  region size 2048K, 0 young (0K), 0 survivors (0K)
 Metaspace       used 85687K, committed 86272K, reserved 1130496K
  class space    used 11606K, committed 11904K, reserved 1048576K
}
Event: 1904.294 GC heap before
{Heap before GC invocations=175 (full 41):
 garbage-first heap   total 524288K, used 153266K [0x0000000701800000, 0x0000000800000000)
  region size 2048K, 35 young (71680K), 0 survivors (0K)
 Metaspace       used 85921K, committed 86592K, reserved 1130496K
  class space    used 11606K, committed 11904K, reserved 1048576K
}
Event: 1904.335 GC heap after
{Heap after GC invocations=176 (full 42):
 garbage-first heap   total 524288K, used 83650K [0x0000000701800000, 0x0000000800000000)
  region size 2048K, 0 young (0K), 0 survivors (0K)
 Metaspace       used 85921K, committed 86592K, reserved 1130496K
  class space    used 11606K, committed 11904K, reserved 1048576K
}
Event: 1910.625 GC heap before
{Heap before GC invocations=176 (full 42):
 garbage-first heap   total 524288K, used 165570K [0x0000000701800000, 0x0000000800000000)
  region size 2048K, 40 young (81920K), 0 survivors (0K)
 Metaspace       used 85980K, committed 86656K, reserved 1130496K
  class space    used 11607K, committed 11904K, reserved 1048576K
}
Event: 1910.626 GC heap after
{Heap after GC invocations=177 (full 42):
 garbage-first heap   total 524288K, used 83790K [0x0000000701800000, 0x0000000800000000)
  region size 2048K, 1 young (2048K), 1 survivors (2048K)
 Metaspace       used 85980K, committed 86656K, reserved 1130496K
  class space    used 11607K, committed 11904K, reserved 1048576K
}
Event: 1916.205 GC heap before
{Heap before GC invocations=177 (full 42):
 garbage-first heap   total 524288K, used 163662K [0x0000000701800000, 0x0000000800000000)
  region size 2048K, 40 young (81920K), 1 survivors (2048K)
 Metaspace       used 86479K, committed 87232K, reserved 1130496K
  class space    used 11654K, committed 12032K, reserved 1048576K
}
Event: 1916.206 GC heap after
{Heap after GC invocations=178 (full 42):
 garbage-first heap   total 524288K, used 84120K [0x0000000701800000, 0x0000000800000000)
  region size 2048K, 1 young (2048K), 1 survivors (2048K)
 Metaspace       used 86479K, committed 87232K, reserved 1130496K
  class space    used 11654K, committed 12032K, reserved 1048576K
}
Event: 1927.128 GC heap before
{Heap before GC invocations=178 (full 42):
 garbage-first heap   total 524288K, used 163992K [0x0000000701800000, 0x0000000800000000)
  region size 2048K, 40 young (81920K), 1 survivors (2048K)
 Metaspace       used 86535K, committed 87232K, reserved 1130496K
  class space    used 11662K, committed 12032K, reserved 1048576K
}
Event: 1927.130 GC heap after
{Heap after GC invocations=179 (full 42):
 garbage-first heap   total 524288K, used 84218K [0x0000000701800000, 0x0000000800000000)
  region size 2048K, 1 young (2048K), 1 survivors (2048K)
 Metaspace       used 86535K, committed 87232K, reserved 1130496K
  class space    used 11662K, committed 12032K, reserved 1048576K
}
Event: 1930.412 GC heap before
{Heap before GC invocations=179 (full 42):
 garbage-first heap   total 524288K, used 104698K [0x0000000701800000, 0x0000000800000000)
  region size 2048K, 12 young (24576K), 1 survivors (2048K)
 Metaspace       used 86595K, committed 87296K, reserved 1130496K
  class space    used 11662K, committed 12032K, reserved 1048576K
}
Event: 1930.455 GC heap after
{Heap after GC invocations=180 (full 43):
 garbage-first heap   total 524288K, used 83760K [0x0000000701800000, 0x0000000800000000)
  region size 2048K, 0 young (0K), 0 survivors (0K)
 Metaspace       used 86595K, committed 87296K, reserved 1130496K
  class space    used 11662K, committed 12032K, reserved 1048576K
}
Event: 1942.875 GC heap before
{Heap before GC invocations=180 (full 43):
 garbage-first heap   total 524288K, used 165680K [0x0000000701800000, 0x0000000800000000)
  region size 2048K, 40 young (81920K), 0 survivors (0K)
 Metaspace       used 86714K, committed 87424K, reserved 1130496K
  class space    used 11662K, committed 12032K, reserved 1048576K
}
Event: 1942.876 GC heap after
{Heap after GC invocations=181 (full 43):
 garbage-first heap   total 524288K, used 84081K [0x0000000701800000, 0x0000000800000000)
  region size 2048K, 1 young (2048K), 1 survivors (2048K)
 Metaspace       used 86714K, committed 87424K, reserved 1130496K
  class space    used 11662K, committed 12032K, reserved 1048576K
}

